{"message":"User with id 2 created.","level":"info"}
{"message":"User with id 3 not found.","level":"error"}
{"message":"User with id 2 deleted.","level":"info"}
{"message":"User with id 1 created.","level":"info"}
{"message":"Book with id 7 created.","level":"info"}
{"message":"Book with id 8 created.","level":"info"}
{"message":"Book with id 9 created.","level":"info"}
{"message":"Book with id 3 not found.","level":"error"}
{"message":"Book with id 1 not found.","level":"error"}
{"message":"Book with id 9 not found.","level":"error"}
{"message":"Book with id 9 deleted.","level":"info"}
{"message":"User with id 1 created.","level":"info"}
{"message":"User with id 1 deleted.","level":"info"}
{"message":"User with id 1 created.","level":"info"}
{"message":"User with id 1 deleted.","level":"info"}
{"message":"Book with id 10 created.","level":"info"}
{"message":"User with id 1 created.","level":"info"}
{"message":"User with id 1 deleted.","level":"info"}
{"message":"User with id 1 created.","level":"info"}
{"message":"User with id 1 deleted.","level":"info"}
{"message":"User with id 1 created.","level":"info"}
{"message":"User with id 1 deleted.","level":"info"}
{"message":"User with id 1 created.","level":"info"}
{"message":"User with id 1 deleted.","level":"info"}
{"message":"User with id 1 created.","level":"info"}
{"message":"User with id 1 deleted.","level":"info"}
{"message":"Book with id 1 not found.","level":"error"}
{"message":"User with id 1 created.","level":"info"}
{"message":"User with id 1 created.","level":"info"}
{"message":"User with id 1 created.","level":"info"}
{"message":"User with id 1 deleted.","level":"info"}
{"message":"User with id 1 created.","level":"info"}
{"message":"User with id 1 deleted.","level":"info"}
{"message":"User with id 1 created.","level":"info"}
{"message":"User with id 1 deleted.","level":"info"}
{"message":"User with id 1 created.","level":"info"}
{"message":"User with id 1 deleted.","level":"info"}
{"message":"User with id 1 created.","level":"info"}
{"message":"User with id 1 deleted.","level":"info"}
{"message":"User with id 1 created.","level":"info"}
{"message":"User with id 1 deleted.","level":"info"}
{"message":"User with id 1 created.","level":"info"}
{"message":"User with id 1 deleted.","level":"info"}
{"message":"User with id 1 created.","level":"info"}
{"message":"User with id 1 deleted.","level":"info"}
{"message":"User with id 1 created.","level":"info"}
{"message":"User with id 1 deleted.","level":"info"}
{"message":"Book with id 1 created.","level":"info"}
{"message":"Book with id 1 created.","level":"info"}
{"message":"Book with id 1 created.","level":"info"}
{"message":"Book with id 1 deleted.","level":"info"}
{"message":"Book with id 1 created.","level":"info"}
{"message":"Book with id 1 deleted.","level":"info"}
{"message":"User with id 1 created.","level":"info"}
{"message":"User with id 1 deleted.","level":"info"}
{"message":"User with id 1 not found.","level":"error"}
{"message":"User with id 1 created.","level":"info"}
{"message":"User with id 1 created.","level":"info"}
{"message":"User with id 1 deleted.","level":"info"}
{"message":"User with id 1 deleted.","level":"info"}
{"message":"Book with id 1 created.","level":"info"}
{"message":"Book with id 1 deleted.","level":"info"}
{"message":"User with id 1 created.","level":"info"}
{"message":"User with id 1 deleted.","level":"info"}
{"message":"User with id 1 created.","level":"info"}
{"message":"User with id 2 created.","level":"info"}
{"message":"User with id 3 created.","level":"info"}
{"message":"User with id 4 created.","level":"info"}
{"message":"User with id 5 created.","level":"info"}
{"message":"User with id 6 created.","level":"info"}
{"message":"User with id 7 created.","level":"info"}
{"message":"User with id 8 created.","level":"info"}
{"message":"User with id 9 created.","level":"info"}
{"message":"User with id 10 created.","level":"info"}
{"message":"User with id 11 created.","level":"info"}
{"message":"User with id 12 created.","level":"info"}
{"message":"User with id 13 created.","level":"info"}
{"message":"User with id 14 created.","level":"info"}
{"message":"User with id 15 created.","level":"info"}
{"message":"User with id 16 created.","level":"info"}
{"message":"User with id 17 created.","level":"info"}
{"message":"User with id 18 created.","level":"info"}
{"message":"User with id 19 created.","level":"info"}
{"message":"User with id 20 created.","level":"info"}
{"message":"User with id 21 created.","level":"info"}
{"message":"User with id 22 created.","level":"info"}
{"message":"User with id 23 created.","level":"info"}
{"message":"User with id 24 created.","level":"info"}
{"message":"User with id 25 created.","level":"info"}
{"message":"User with id 26 created.","level":"info"}
{"message":"User with id 27 created.","level":"info"}
{"message":"User with id 28 created.","level":"info"}
{"message":"User with id 29 created.","level":"info"}
{"message":"User with id 30 created.","level":"info"}
{"message":"User with id 31 created.","level":"info"}
{"message":"User with id 32 created.","level":"info"}
{"message":"User with id 33 created.","level":"info"}
{"message":"User with id 34 created.","level":"info"}
{"message":"User with id 35 created.","level":"info"}
{"message":"User with id 36 created.","level":"info"}
{"message":"User with id 37 created.","level":"info"}
{"message":"User with id 38 created.","level":"info"}
{"message":"User with id 39 created.","level":"info"}
{"message":"User with id 40 created.","level":"info"}
{"message":"User with id 41 created.","level":"info"}
{"message":"User with id 42 created.","level":"info"}
{"message":"User with id 43 created.","level":"info"}
{"message":"User with id 44 created.","level":"info"}
{"message":"User with id 45 created.","level":"info"}
{"message":"User with id 46 created.","level":"info"}
{"message":"User with id 47 created.","level":"info"}
{"message":"User with id 48 created.","level":"info"}
{"message":"User with id 49 created.","level":"info"}
{"message":"User with id 50 created.","level":"info"}
{"message":"User with id 51 created.","level":"info"}
{"message":"User with id 52 created.","level":"info"}
{"message":"User with id 53 created.","level":"info"}
{"message":"User with id 54 created.","level":"info"}
{"message":"User with id 55 created.","level":"info"}
{"message":"User with id 56 created.","level":"info"}
{"message":"User with id 57 created.","level":"info"}
{"message":"User with id 58 created.","level":"info"}
{"message":"cover_url is required","level":"error"}
{"message":"Book with id 1 created.","level":"info"}
{"message":"Book with id 2 created.","level":"info"}
{"message":"cover_url is required","level":"error"}
{"message":"Book with id 3 created.","level":"info"}
{"message":"Book with id 4 created.","level":"info"}
{"message":"Book with id 5 created.","level":"info"}
{"message":"Book with id 6 created.","level":"info"}
{"message":"Book with id 7 created.","level":"info"}
{"message":"Book with id 8 created.","level":"info"}
{"message":"Book with id 9 created.","level":"info"}
{"message":"User with id 59 created.","level":"info"}
{"message":"Book with id 10 created.","level":"info"}
{"message":"User with id 60 created.","level":"info"}
{"message":"User with id 61 created.","level":"info"}
{"message":"User with id 62 created.","level":"info"}
{"message":"Book with id 1 created.","level":"info"}
{"message":"Book with id 1 deleted.","level":"info"}
{"message":"User with id 1 created.","level":"info"}
{"message":"User with id 1 deleted.","level":"info"}
{"message":"User with id 63 created.","level":"info"}
{"message":"Book with id 11 created.","level":"info"}
{"message":"Book with id 12 created.","level":"info"}
{"message":"Book with id 13 created.","level":"info"}
{"message":"Book with id 14 created.","level":"info"}
{"message":"Book with id 5 deleted.","level":"info"}
{"message":"Book with id 7 deleted.","level":"info"}
{"message":"Book with id 8 deleted.","level":"info"}
{"message":"Book with id 15 created.","level":"info"}
{"message":"Book with id 16 created.","level":"info"}
{"message":"Book with id 16 deleted.","level":"info"}
{"message":"Book with id 6 deleted.","level":"info"}
{"message":"Book with id 9 deleted.","level":"info"}
{"message":"User with id 64 created.","level":"info"}
{"message":"Book with id 17 created.","level":"info"}
{"message":"Book with id 17 deleted.","level":"info"}
{"message":"Book with id 18 created.","level":"info"}
{"message":"User with id 65 created.","level":"info"}
{"message":"User with id 66 created.","level":"info"}
{"message":"Book with id 19 created.","level":"info"}
{"message":"Book with id 20 created.","level":"info"}
{"message":"Book with id 19 deleted.","level":"info"}
{"message":"Book with id 21 created.","level":"info"}
{"message":"Book with id 22 created.","level":"info"}
{"message":"Book with id 23 created.","level":"info"}
{"message":"Book with id 24 created.","level":"info"}
{"message":"Book with id 25 created.","level":"info"}
{"message":"Book with id 11 deleted.","level":"info"}
{"message":"Book with id 26 created.","level":"info"}
{"message":"Book with id 27 created.","level":"info"}
{"message":"Book with id 12 deleted.","level":"info"}
{"message":"Book with id 13 deleted.","level":"info"}
{"message":"Book with id 14 deleted.","level":"info"}
{"message":"Book with id 25 deleted.","level":"info"}
{"message":"Book with id 26 deleted.","level":"info"}
{"message":"Book with id 28 created.","level":"info"}
{"message":"Book with id 29 created.","level":"info"}
{"message":"Book with id 30 created.","level":"info"}
{"message":"Book with id 27 deleted.","level":"info"}
{"message":"Book with id 28 deleted.","level":"info"}
{"message":"Book with id 29 deleted.","level":"info"}
{"message":"Book with id 30 deleted.","level":"info"}
{"message":"Book with id 31 created.","level":"info"}
{"message":"Book with id 32 created.","level":"info"}
{"message":"Book with id 33 created.","level":"info"}
{"message":"Book with id 34 created.","level":"info"}
{"message":"Book with id 35 created.","level":"info"}
{"message":"Book with id 36 created.","level":"info"}
{"message":"Book with id 34 deleted.","level":"info"}
{"message":"Book with id 35 deleted.","level":"info"}
{"message":"Book with id 1 created.","level":"info"}
{"message":"Book with id 1 deleted.","level":"info"}
{"message":"User with id 1 created.","level":"info"}
{"message":"User with id 1 deleted.","level":"info"}
{"message":"Book with id 1 created.","level":"info"}
{"message":"Book with id 1 deleted.","level":"info"}
{"message":"User with id 1 created.","level":"info"}
{"message":"User with id 1 deleted.","level":"info"}
